<?xml version="1.0" encoding="UTF-8"?>
<testng-results skipped="0" failed="0" ignored="0" total="1" passed="1">
  <reporter-output>
  </reporter-output>
  <suite name="Default suite" duration-ms="12504" started-at="2020-02-08T09:44:25Z" finished-at="2020-02-08T09:44:37Z">
    <groups>
    </groups>
    <test name="Default test" duration-ms="12504" started-at="2020-02-08T09:44:25Z" finished-at="2020-02-08T09:44:37Z">
      <class name="testCases.TC001_Login">
        <test-method status="PASS" signature="login()[pri:0, instance:testCases.TC001_Login@3c0ecd4b]" name="login" is-config="true" duration-ms="11412" started-at="2020-02-08T09:44:25Z" finished-at="2020-02-08T09:44:37Z">
          <reporter-output>
          </reporter-output>
        </test-method> <!-- login -->
        <test-method status="PASS" signature="runLogin(java.lang.String, java.lang.String)[pri:0, instance:testCases.TC001_Login@3c0ecd4b]" name="runLogin" duration-ms="362" started-at="2020-02-08T09:44:37Z" data-provider="sendData" finished-at="2020-02-08T09:44:37Z">
          <params>
            <param index="0">
              <value>
                <![CDATA[kumar.testleaf@gmail.com]]>
              </value>
            </param>
            <param index="1">
              <value>
                <![CDATA[leaf@12]]>
              </value>
            </param>
          </params>
          <reporter-output>
          </reporter-output>
        </test-method> <!-- runLogin -->
        <test-method status="PASS" signature="closeBrowser()[pri:0, instance:testCases.TC001_Login@3c0ecd4b]" name="closeBrowser" is-config="true" duration-ms="92" started-at="2020-02-08T09:44:37Z" finished-at="2020-02-08T09:44:37Z">
          <reporter-output>
          </reporter-output>
        </test-method> <!-- closeBrowser -->
      </class> <!-- testCases.TC001_Login -->
    </test> <!-- Default test -->
  </suite> <!-- Default suite -->
</testng-results>
